<?xml version="1.0" encoding="UTF-8"?>
<testsuite xmlns:xsi="http://www.w3.org/2001/XMLSchema-instance" xsi:noNamespaceSchemaLocation="https://maven.apache.org/surefire/maven-surefire-plugin/xsd/surefire-test-report.xsd" name="com.example.school.controller.StudentControllerTest" time="0.009" tests="1" errors="1" skipped="0" failures="0">
  <properties>
[...]
</properties>
  <testcase name="shouldAddStudentToDatabase" classname="com.example.school.controller.StudentControllerTest" time="0.003">
    <error message="Cannot invoke &quot;com.example.school.entity.SchoolClassEntity.getSchoolGradeLevel()&quot; because the return value of &quot;com.example.school.entity.StudentEntity.getSchoolClassEntity()&quot; is null" type="java.lang.NullPointerException">java.lang.NullPointerException: Cannot invoke "com.example.school.entity.SchoolClassEntity.getSchoolGradeLevel()" because the return value of "com.example.school.entity.StudentEntity.getSchoolClassEntity()" is null
	at com.example.school.controller.StudentControllerTest.shouldAddStudentToDatabase(StudentControllerTest.java:46)
</error>
    <system-out><![CDATA[2022-09-21 11:21:40.888  INFO 2184 --- [           main] .b.t.c.SpringBootTestContextBootstrapper : Neither @ContextConfiguration nor @ContextHierarchy found for test class [com.example.school.controller.StudentControllerTest], using SpringBootContextLoader
2022-09-21 11:21:40.889  INFO 2184 --- [           main] o.s.t.c.support.AbstractContextLoader    : Could not detect default resource locations for test class [com.example.school.controller.StudentControllerTest]: no resource found for suffixes {-context.xml, Context.groovy}.
2022-09-21 11:21:40.889  INFO 2184 --- [           main] t.c.s.AnnotationConfigContextLoaderUtils : Could not detect default configuration classes for test class [com.example.school.controller.StudentControllerTest]: StudentControllerTest does not declare any static, non-private, non-final, nested classes annotated with @Configuration.
2022-09-21 11:21:40.890  INFO 2184 --- [           main] .b.t.c.SpringBootTestContextBootstrapper : Found @SpringBootConfiguration com.example.school.SchoolApplication for test class com.example.school.controller.StudentControllerTest
2022-09-21 11:21:40.890  INFO 2184 --- [           main] .b.t.c.SpringBootTestContextBootstrapper : Loaded default TestExecutionListener class names from location [META-INF/spring.factories]: [org.springframework.boot.test.mock.mockito.MockitoTestExecutionListener, org.springframework.boot.test.mock.mockito.ResetMocksTestExecutionListener, org.springframework.boot.test.autoconfigure.restdocs.RestDocsTestExecutionListener, org.springframework.boot.test.autoconfigure.web.client.MockRestServiceServerResetTestExecutionListener, org.springframework.boot.test.autoconfigure.web.servlet.MockMvcPrintOnlyOnFailureTestExecutionListener, org.springframework.boot.test.autoconfigure.web.servlet.WebDriverTestExecutionListener, org.springframework.boot.test.autoconfigure.webservices.client.MockWebServiceServerTestExecutionListener, org.springframework.test.context.web.ServletTestExecutionListener, org.springframework.test.context.support.DirtiesContextBeforeModesTestExecutionListener, org.springframework.test.context.event.ApplicationEventsTestExecutionListener, org.springframework.test.context.support.DependencyInjectionTestExecutionListener, org.springframework.test.context.support.DirtiesContextTestExecutionListener, org.springframework.test.context.transaction.TransactionalTestExecutionListener, org.springframework.test.context.jdbc.SqlScriptsTestExecutionListener, org.springframework.test.context.event.EventPublishingTestExecutionListener]
2022-09-21 11:21:40.891  INFO 2184 --- [           main] .b.t.c.SpringBootTestContextBootstrapper : Using TestExecutionListeners: [org.springframework.test.context.web.ServletTestExecutionListener@53fa630, org.springframework.test.context.support.DirtiesContextBeforeModesTestExecutionListener@49afaf65, org.springframework.test.context.event.ApplicationEventsTestExecutionListener@6d5376b7, org.springframework.boot.test.mock.mockito.MockitoTestExecutionListener@2fc2d1f0, org.springframework.boot.test.autoconfigure.SpringBootDependencyInjectionTestExecutionListener@57b4fc1e, org.springframework.test.context.support.DirtiesContextTestExecutionListener@6354a50a, org.springframework.test.context.transaction.TransactionalTestExecutionListener@15c48119, org.springframework.test.context.jdbc.SqlScriptsTestExecutionListener@2cb09f00, org.springframework.test.context.event.EventPublishingTestExecutionListener@5c14c284, org.springframework.boot.test.mock.mockito.ResetMocksTestExecutionListener@1aae50f9, org.springframework.boot.test.autoconfigure.restdocs.RestDocsTestExecutionListener@2b53d6fc, org.springframework.boot.test.autoconfigure.web.client.MockRestServiceServerResetTestExecutionListener@3b30409, org.springframework.boot.test.autoconfigure.web.servlet.MockMvcPrintOnlyOnFailureTestExecutionListener@79c9f619, org.springframework.boot.test.autoconfigure.web.servlet.WebDriverTestExecutionListener@11885841, org.springframework.boot.test.autoconfigure.webservices.client.MockWebServiceServerTestExecutionListener@24d998ba]
Hibernate: 
    select
        schoolclas0_.id as id1_0_,
        schoolclas0_.school_grade_level as school_g2_0_,
        schoolclas0_.teacher_id as teacher_3_0_ 
    from
        classes schoolclas0_ 
    where
        schoolclas0_.school_grade_level=?
Hibernate: 
    select
        studentent0_.id as id1_1_0_,
        studentent0_.name as name2_1_0_,
        studentent0_.class_id as class_id4_1_0_,
        studentent0_.surname as surname3_1_0_ 
    from
        students studentent0_ 
    where
        studentent0_.id=?
Hibernate: 
    insert 
    into
        students
        (name, class_id, surname, id) 
    values
        (?, ?, ?, ?)
Hibernate: 
    select
        studentent0_.id as id1_1_0_,
        studentent0_.name as name2_1_0_,
        studentent0_.class_id as class_id4_1_0_,
        studentent0_.surname as surname3_1_0_,
        schoolclas1_.id as id1_0_1_,
        schoolclas1_.school_grade_level as school_g2_0_1_,
        schoolclas1_.teacher_id as teacher_3_0_1_,
        teacherent2_.id as id1_2_2_,
        teacherent2_.name as name2_2_2_,
        teacherent2_.class_id as class_id6_2_2_,
        teacherent2_.subjects as subjects3_2_2_,
        teacherent2_.surname as surname4_2_2_,
        teacherent2_.teacher_profile as teacher_5_2_2_,
        schoolclas3_.id as id1_0_3_,
        schoolclas3_.school_grade_level as school_g2_0_3_,
        schoolclas3_.teacher_id as teacher_3_0_3_ 
    from
        students studentent0_ 
    left outer join
        classes schoolclas1_ 
            on studentent0_.class_id=schoolclas1_.id 
    left outer join
        teachers teacherent2_ 
            on schoolclas1_.teacher_id=teacherent2_.id 
    left outer join
        classes schoolclas3_ 
            on teacherent2_.class_id=schoolclas3_.id 
    where
        studentent0_.id=?
]]></system-out>
  </testcase>
</testsuite>